<?xml version="1.0" encoding="UTF-8"?>
<coverage generated="1767233295441" clover="3.2.0">
	<project timestamp="1767233295441" name="All files">
		<metrics
			statements="37"
			coveredstatements="20"
			conditionals="18"
			coveredconditionals="10"
			methods="5"
			coveredmethods="2"
			elements="60"
			coveredelements="32"
			complexity="0"
			loc="37"
			ncloc="37"
			packages="1"
			files="1"
			classes="1"
		/>
		<file
			name="content.ts"
			path="D:\wdocs\packages\wdocs\server\utils\content.ts"
		>
			<metrics
				statements="37"
				coveredstatements="20"
				conditionals="18"
				coveredconditionals="10"
				methods="5"
				coveredmethods="2"
			/>
			<line num="8" count="1" type="stmt" />
			<line num="11" count="0" type="stmt" />
			<line num="12" count="0" type="stmt" />
			<line num="13" count="0" type="stmt" />
			<line num="14" count="0" type="stmt" />
			<line num="18" count="0" type="stmt" />
			<line num="19" count="0" type="stmt" />
			<line num="21" count="0" type="stmt" />
			<line num="22" count="0" type="cond" truecount="0" falsecount="2" />
			<line num="23" count="0" type="stmt" />
			<line num="25" count="0" type="cond" truecount="0" falsecount="2" />
			<line num="26" count="0" type="stmt" />
			<line num="27" count="0" type="stmt" />
			<line num="28" count="0" type="stmt" />
			<line num="29" count="0" type="stmt" />
			<line num="35" count="0" type="stmt" />
			<line num="39" count="0" type="stmt" />
			<line num="43" count="5" type="stmt" />
			<line num="44" count="5" type="stmt" />
			<line num="46" count="5" type="stmt" />
			<line num="47" count="16" type="stmt" />
			<line num="48" count="16" type="cond" truecount="2" falsecount="0" />
			<line num="49" count="4" type="stmt" />
			<line num="50" count="4" type="stmt" />
			<line num="51" count="4" type="stmt" />
			<line num="52" count="4" type="stmt" />
			<line num="53" count="1" type="stmt" />
			<line num="55" count="3" type="cond" truecount="1" falsecount="1" />
			<line num="56" count="3" type="stmt" />
			<line num="58" count="0" type="stmt" />
			<line num="62" count="4" type="stmt" />
			<line num="68" count="12" type="cond" truecount="2" falsecount="0" />
			<line num="69" count="10" type="stmt" />
			<line num="70" count="10" type="stmt" />
			<line num="71" count="10" type="stmt" />
			<line num="72" count="10" type="stmt" />
			<line num="79" count="16" type="cond" truecount="4" falsecount="0" />
		</file>
	</project>
</coverage>
