{
	"D:\\wdocs\\packages\\wdocs\\server\\utils\\content.ts": {
		"path": "D:\\wdocs\\packages\\wdocs\\server\\utils\\content.ts",
		"statementMap": {
			"0": {
				"start": { "line": 8, "column": 6 },
				"end": { "line": 8, "column": null }
			},
			"1": {
				"start": { "line": 11, "column": 19 },
				"end": { "line": 11, "column": null }
			},
			"2": {
				"start": { "line": 12, "column": 22 },
				"end": { "line": 12, "column": null }
			},
			"3": {
				"start": { "line": 13, "column": 54 },
				"end": { "line": 13, "column": null }
			},
			"4": {
				"start": { "line": 14, "column": 2 },
				"end": { "line": 14, "column": null }
			},
			"5": {
				"start": { "line": 18, "column": 18 },
				"end": { "line": 18, "column": null }
			},
			"6": {
				"start": { "line": 19, "column": 16 },
				"end": { "line": 37, "column": null }
			},
			"7": {
				"start": { "line": 21, "column": 18 },
				"end": { "line": 21, "column": null }
			},
			"8": {
				"start": { "line": 22, "column": 6 },
				"end": { "line": 24, "column": null }
			},
			"9": {
				"start": { "line": 23, "column": 8 },
				"end": { "line": 23, "column": null }
			},
			"10": {
				"start": { "line": 25, "column": 6 },
				"end": { "line": 34, "column": null }
			},
			"11": {
				"start": { "line": 26, "column": 28 },
				"end": { "line": 26, "column": null }
			},
			"12": {
				"start": { "line": 27, "column": 30 },
				"end": { "line": 27, "column": null }
			},
			"13": {
				"start": { "line": 28, "column": 29 },
				"end": { "line": 28, "column": null }
			},
			"14": {
				"start": { "line": 29, "column": 8 },
				"end": { "line": 33, "column": null }
			},
			"15": {
				"start": { "line": 35, "column": 6 },
				"end": { "line": 35, "column": null }
			},
			"16": {
				"start": { "line": 39, "column": 2 },
				"end": { "line": 39, "column": null }
			},
			"17": {
				"start": { "line": 43, "column": 18 },
				"end": { "line": 43, "column": null }
			},
			"18": {
				"start": { "line": 44, "column": 27 },
				"end": { "line": 44, "column": null }
			},
			"19": {
				"start": { "line": 46, "column": 2 },
				"end": { "line": 77, "column": null }
			},
			"20": {
				"start": { "line": 47, "column": 16 },
				"end": { "line": 47, "column": null }
			},
			"21": {
				"start": { "line": 48, "column": 4 },
				"end": { "line": 76, "column": null }
			},
			"22": {
				"start": { "line": 49, "column": 25 },
				"end": { "line": 49, "column": null }
			},
			"23": {
				"start": { "line": 50, "column": 19 },
				"end": { "line": 50, "column": null }
			},
			"24": {
				"start": { "line": 51, "column": 6 },
				"end": { "line": 60, "column": null }
			},
			"25": {
				"start": { "line": 52, "column": 27 },
				"end": { "line": 52, "column": null }
			},
			"26": {
				"start": { "line": 53, "column": 8 },
				"end": { "line": 53, "column": null }
			},
			"27": {
				"start": { "line": 55, "column": 8 },
				"end": { "line": 59, "column": null }
			},
			"28": {
				"start": { "line": 56, "column": 10 },
				"end": { "line": 56, "column": null }
			},
			"29": {
				"start": { "line": 58, "column": 10 },
				"end": { "line": 58, "column": null }
			},
			"30": {
				"start": { "line": 62, "column": 6 },
				"end": { "line": 67, "column": null }
			},
			"31": {
				"start": { "line": 68, "column": 4 },
				"end": { "line": 76, "column": null }
			},
			"32": {
				"start": { "line": 69, "column": 29 },
				"end": { "line": 69, "column": null }
			},
			"33": {
				"start": { "line": 70, "column": 28 },
				"end": { "line": 70, "column": null }
			},
			"34": {
				"start": { "line": 71, "column": 21 },
				"end": { "line": 71, "column": null }
			},
			"35": {
				"start": { "line": 72, "column": 8 },
				"end": { "line": 75, "column": null }
			},
			"36": {
				"start": { "line": 79, "column": 2 },
				"end": { "line": 79, "column": null }
			},
			"37": {
				"start": { "line": 79, "column": 24 },
				"end": { "line": 79, "column": 107 }
			}
		},
		"fnMap": {
			"0": {
				"name": "readDoc",
				"decl": {
					"start": { "line": 10, "column": 22 },
					"end": { "line": 10, "column": 30 }
				},
				"loc": {
					"start": { "line": 10, "column": 47 },
					"end": { "line": 15, "column": null }
				},
				"line": 10
			},
			"1": {
				"name": "getAllMarkdownFiles",
				"decl": {
					"start": { "line": 17, "column": 22 },
					"end": { "line": 17, "column": 42 }
				},
				"loc": {
					"start": { "line": 17, "column": 80 },
					"end": { "line": 40, "column": null }
				},
				"line": 17
			},
			"2": {
				"name": "(anonymous_2)",
				"decl": {
					"start": { "line": 20, "column": 16 },
					"end": { "line": 20, "column": 23 }
				},
				"loc": {
					"start": { "line": 20, "column": 34 },
					"end": { "line": 36, "column": 5 }
				},
				"line": 20
			},
			"3": {
				"name": "readDirRecursive",
				"decl": {
					"start": { "line": 42, "column": 22 },
					"end": { "line": 42, "column": 39 }
				},
				"loc": {
					"start": { "line": 42, "column": 72 },
					"end": { "line": 80, "column": null }
				},
				"line": 42
			},
			"4": {
				"name": "(anonymous_4)",
				"decl": {
					"start": { "line": 79, "column": 20 },
					"end": { "line": 79, "column": 21 }
				},
				"loc": {
					"start": { "line": 79, "column": 24 },
					"end": { "line": 79, "column": 107 }
				},
				"line": 79
			}
		},
		"branchMap": {
			"0": {
				"loc": {
					"start": { "line": 22, "column": 6 },
					"end": { "line": 24, "column": null }
				},
				"type": "if",
				"locations": [
					{
						"start": { "line": 22, "column": 6 },
						"end": { "line": 24, "column": null }
					},
					{ "start": {}, "end": {} }
				],
				"line": 22
			},
			"1": {
				"loc": {
					"start": { "line": 25, "column": 6 },
					"end": { "line": 34, "column": null }
				},
				"type": "if",
				"locations": [
					{
						"start": { "line": 25, "column": 6 },
						"end": { "line": 34, "column": null }
					},
					{ "start": {}, "end": {} }
				],
				"line": 25
			},
			"2": {
				"loc": {
					"start": { "line": 31, "column": 17 },
					"end": { "line": 31, "column": null }
				},
				"type": "binary-expr",
				"locations": [
					{
						"start": { "line": 31, "column": 17 },
						"end": { "line": 31, "column": 31 }
					},
					{
						"start": { "line": 31, "column": 31 },
						"end": { "line": 31, "column": null }
					}
				],
				"line": 31
			},
			"3": {
				"loc": {
					"start": { "line": 48, "column": 4 },
					"end": { "line": 76, "column": null }
				},
				"type": "if",
				"locations": [
					{
						"start": { "line": 48, "column": 4 },
						"end": { "line": 76, "column": null }
					},
					{
						"start": { "line": 68, "column": 4 },
						"end": { "line": 76, "column": null }
					}
				],
				"line": 48
			},
			"4": {
				"loc": {
					"start": { "line": 55, "column": 8 },
					"end": { "line": 59, "column": null }
				},
				"type": "if",
				"locations": [
					{
						"start": { "line": 55, "column": 8 },
						"end": { "line": 59, "column": null }
					},
					{
						"start": { "line": 57, "column": 15 },
						"end": { "line": 59, "column": null }
					}
				],
				"line": 55
			},
			"5": {
				"loc": {
					"start": { "line": 68, "column": 4 },
					"end": { "line": 76, "column": null }
				},
				"type": "if",
				"locations": [
					{
						"start": { "line": 68, "column": 4 },
						"end": { "line": 76, "column": null }
					},
					{ "start": {}, "end": {} }
				],
				"line": 68
			},
			"6": {
				"loc": {
					"start": { "line": 73, "column": 16 },
					"end": { "line": 73, "column": null }
				},
				"type": "binary-expr",
				"locations": [
					{
						"start": { "line": 73, "column": 16 },
						"end": { "line": 73, "column": 30 }
					},
					{
						"start": { "line": 73, "column": 30 },
						"end": { "line": 73, "column": null }
					}
				],
				"line": 73
			},
			"7": {
				"loc": {
					"start": { "line": 79, "column": 31 },
					"end": { "line": 79, "column": 71 }
				},
				"type": "binary-expr",
				"locations": [
					{
						"start": { "line": 79, "column": 31 },
						"end": { "line": 79, "column": 42 }
					},
					{
						"start": { "line": 79, "column": 42 },
						"end": { "line": 79, "column": 71 }
					}
				],
				"line": 79
			},
			"8": {
				"loc": {
					"start": { "line": 79, "column": 71 },
					"end": { "line": 79, "column": 107 }
				},
				"type": "binary-expr",
				"locations": [
					{
						"start": { "line": 79, "column": 71 },
						"end": { "line": 79, "column": 82 }
					},
					{
						"start": { "line": 79, "column": 82 },
						"end": { "line": 79, "column": 107 }
					}
				],
				"line": 79
			}
		},
		"s": {
			"0": 1,
			"1": 0,
			"2": 0,
			"3": 0,
			"4": 0,
			"5": 0,
			"6": 0,
			"7": 0,
			"8": 0,
			"9": 0,
			"10": 0,
			"11": 0,
			"12": 0,
			"13": 0,
			"14": 0,
			"15": 0,
			"16": 0,
			"17": 5,
			"18": 5,
			"19": 5,
			"20": 16,
			"21": 16,
			"22": 4,
			"23": 4,
			"24": 4,
			"25": 4,
			"26": 1,
			"27": 3,
			"28": 3,
			"29": 0,
			"30": 4,
			"31": 12,
			"32": 10,
			"33": 10,
			"34": 10,
			"35": 10,
			"36": 5,
			"37": 16
		},
		"f": { "0": 0, "1": 0, "2": 0, "3": 5, "4": 16 },
		"b": {
			"0": [0, 0],
			"1": [0, 0],
			"2": [0, 0],
			"3": [4, 12],
			"4": [3, 0],
			"5": [10, 2],
			"6": [10, 0],
			"7": [16, 11],
			"8": [16, 9]
		},
		"meta": {
			"lastBranch": 9,
			"lastFunction": 5,
			"lastStatement": 38,
			"seen": {
				"s:8:6:8:Infinity": 0,
				"f:10:22:10:30": 0,
				"s:11:19:11:Infinity": 1,
				"s:12:22:12:Infinity": 2,
				"s:13:54:13:Infinity": 3,
				"s:14:2:14:Infinity": 4,
				"f:17:22:17:42": 1,
				"s:18:18:18:Infinity": 5,
				"s:19:16:37:Infinity": 6,
				"f:20:16:20:23": 2,
				"s:21:18:21:Infinity": 7,
				"b:22:6:24:Infinity:undefined:undefined:undefined:undefined": 0,
				"s:22:6:24:Infinity": 8,
				"s:23:8:23:Infinity": 9,
				"b:25:6:34:Infinity:undefined:undefined:undefined:undefined": 1,
				"s:25:6:34:Infinity": 10,
				"s:26:28:26:Infinity": 11,
				"s:27:30:27:Infinity": 12,
				"s:28:29:28:Infinity": 13,
				"s:29:8:33:Infinity": 14,
				"b:31:17:31:31:31:31:31:Infinity": 2,
				"s:35:6:35:Infinity": 15,
				"s:39:2:39:Infinity": 16,
				"f:42:22:42:39": 3,
				"s:43:18:43:Infinity": 17,
				"s:44:27:44:Infinity": 18,
				"s:46:2:77:Infinity": 19,
				"s:47:16:47:Infinity": 20,
				"b:48:4:76:Infinity:68:4:76:Infinity": 3,
				"s:48:4:76:Infinity": 21,
				"s:49:25:49:Infinity": 22,
				"s:50:19:50:Infinity": 23,
				"s:51:6:60:Infinity": 24,
				"s:52:27:52:Infinity": 25,
				"s:53:8:53:Infinity": 26,
				"b:55:8:59:Infinity:57:15:59:Infinity": 4,
				"s:55:8:59:Infinity": 27,
				"s:56:10:56:Infinity": 28,
				"s:58:10:58:Infinity": 29,
				"s:62:6:67:Infinity": 30,
				"b:68:4:76:Infinity:undefined:undefined:undefined:undefined": 5,
				"s:68:4:76:Infinity": 31,
				"s:69:29:69:Infinity": 32,
				"s:70:28:70:Infinity": 33,
				"s:71:21:71:Infinity": 34,
				"s:72:8:75:Infinity": 35,
				"b:73:16:73:30:73:30:73:Infinity": 6,
				"s:79:2:79:Infinity": 36,
				"f:79:20:79:21": 4,
				"s:79:24:79:107": 37,
				"b:79:31:79:42:79:42:79:71": 7,
				"b:79:71:79:82:79:82:79:107": 8
			}
		}
	}
}
